nohup: ignoring input
GPUS :  [0]
data len : 958
data len : 243
None
net
net
net
net
net
net
net
net
net
net
net
net
net
net
net
net
net
net
net
net
convolutional
convolutional
convolutional
convolutional
convolutional
convolutional
convolutional
maxpool
maxpool
maxpool
convolutional
convolutional
convolutional
convolutional
convolutional
convolutional
convolutional
maxpool
maxpool
maxpool
convolutional
convolutional
convolutional
convolutional
convolutional
convolutional
convolutional
maxpool
maxpool
maxpool
convolutional
convolutional
convolutional
convolutional
convolutional
convolutional
convolutional
maxpool
maxpool
maxpool
convolutional
convolutional
convolutional
convolutional
convolutional
convolutional
convolutional
maxpool
maxpool
maxpool
convolutional
convolutional
convolutional
convolutional
convolutional
convolutional
convolutional
maxpool
maxpool
maxpool
convolutional
convolutional
convolutional
convolutional
convolutional
convolutional
convolutional
convolutional
convolutional
convolutional
convolutional
convolutional
convolutional
convolutional
convolutional
convolutional
convolutional
convolutional
convolutional
convolutional
convolutional
convolutional
convolutional
convolutional
convolutional
convolutional
convolutional
yolo
yolo
yolo
yolo
yolo
yolo
yolo
yolo
yolo
route
route
convolutional
convolutional
convolutional
convolutional
convolutional
convolutional
convolutional
upsample
upsample
route
route
convolutional
convolutional
convolutional
convolutional
convolutional
convolutional
convolutional
convolutional
convolutional
convolutional
convolutional
convolutional
convolutional
yolo
yolo
yolo
yolo
yolo
yolo
yolo
yolo
load pretrained model
[0 2 0] [32013312]
0 {'type': 'convolutional', 'batch_normalize': '1', 'filters': '16', 'size': '3', 'stride': '1', 'pad': '1', 'activation': 'leaky'}
total : 8858734, now 496
1 {'type': 'maxpool', 'size': '2', 'stride': '2'}
2 {'type': 'convolutional', 'batch_normalize': '1', 'filters': '32', 'size': '3', 'stride': '1', 'pad': '1', 'activation': 'leaky'}
total : 8858734, now 5232
3 {'type': 'maxpool', 'size': '2', 'stride': '2'}
4 {'type': 'convolutional', 'batch_normalize': '1', 'filters': '64', 'size': '3', 'stride': '1', 'pad': '1', 'activation': 'leaky'}
total : 8858734, now 23920
5 {'type': 'maxpool', 'size': '2', 'stride': '2'}
6 {'type': 'convolutional', 'batch_normalize': '1', 'filters': '128', 'size': '3', 'stride': '1', 'pad': '1', 'activation': 'leaky'}
total : 8858734, now 98160
7 {'type': 'maxpool', 'size': '2', 'stride': '2'}
8 {'type': 'convolutional', 'batch_normalize': '1', 'filters': '256', 'size': '3', 'stride': '1', 'pad': '1', 'activation': 'leaky'}
total : 8858734, now 394096
9 {'type': 'maxpool', 'size': '2', 'stride': '2'}
10 {'type': 'convolutional', 'batch_normalize': '1', 'filters': '512', 'size': '3', 'stride': '1', 'pad': '1', 'activation': 'leaky'}
total : 8858734, now 1575792
11 {'type': 'maxpool', 'size': '2', 'stride': '1'}
12 {'type': 'convolutional', 'batch_normalize': '1', 'filters': '1024', 'size': '3', 'stride': '1', 'pad': '1', 'activation': 'leaky'}
total : 8858734, now 6298480
13 {'type': 'convolutional', 'batch_normalize': '1', 'filters': '256', 'size': '1', 'stride': '1', 'pad': '1', 'activation': 'leaky'}
total : 8858734, now 6561648
14 {'type': 'convolutional', 'batch_normalize': '1', 'filters': '512', 'size': '3', 'stride': '1', 'pad': '1', 'activation': 'leaky'}
total : 8858734, now 7743344
15 {'type': 'convolutional', 'batch_normalize': 0, 'size': '1', 'stride': '1', 'pad': '1', 'filters': '42', 'activation': 'linear'}
total : 8858734, now 7764890
16 {'type': 'yolo', 'mask': '3,4,5', 'anchors': '13,19, 21,31, 32,50, 46,80, 64,124, 83,187', 'classes': '9', 'num': '6', 'jitter': '.3', 'ignore_thresh': '.7', 'truth_thresh': '1', 'random': '1'}
17 {'type': 'route', 'layers': '-4'}
18 {'type': 'convolutional', 'batch_normalize': '1', 'filters': '128', 'size': '1', 'stride': '1', 'pad': '1', 'activation': 'leaky'}
total : 8858734, now 7798170
19 {'type': 'upsample', 'stride': '2'}
20 {'type': 'route', 'layers': '-1, 8'}
21 {'type': 'convolutional', 'batch_normalize': '1', 'filters': '256', 'size': '3', 'stride': '1', 'pad': '1', 'activation': 'leaky'}
total : 8858734, now 8683930
22 {'type': 'convolutional', 'batch_normalize': 0, 'size': '1', 'stride': '1', 'pad': '1', 'filters': '42', 'activation': 'linear'}
total : 8858734, now 8694724
23 {'type': 'yolo', 'mask': '0,1,2', 'anchors': '13,19, 21,31, 32,50, 46,80, 64,124, 83,187', 'classes': '9', 'num': '6', 'jitter': '.3', 'ignore_thresh': '.7', 'truth_thresh': '1', 'random': '1'}
GPU total memory : 16384 free memory : 16160
----------------------------------------------------------------
        Layer (type)               Output Shape         Param #
================================================================
            Conv2d-1         [-1, 16, 416, 416]             432
       BatchNorm2d-2         [-1, 16, 416, 416]              32
         LeakyReLU-3         [-1, 16, 416, 416]               0
         MaxPool2d-4         [-1, 16, 208, 208]               0
            Conv2d-5         [-1, 32, 208, 208]           4,608
       BatchNorm2d-6         [-1, 32, 208, 208]              64
         LeakyReLU-7         [-1, 32, 208, 208]               0
         MaxPool2d-8         [-1, 32, 104, 104]               0
            Conv2d-9         [-1, 64, 104, 104]          18,432
      BatchNorm2d-10         [-1, 64, 104, 104]             128
        LeakyReLU-11         [-1, 64, 104, 104]               0
        MaxPool2d-12           [-1, 64, 52, 52]               0
           Conv2d-13          [-1, 128, 52, 52]          73,728
      BatchNorm2d-14          [-1, 128, 52, 52]             256
        LeakyReLU-15          [-1, 128, 52, 52]               0
        MaxPool2d-16          [-1, 128, 26, 26]               0
           Conv2d-17          [-1, 256, 26, 26]         294,912
      BatchNorm2d-18          [-1, 256, 26, 26]             512
        LeakyReLU-19          [-1, 256, 26, 26]               0
        MaxPool2d-20          [-1, 256, 13, 13]               0
           Conv2d-21          [-1, 512, 13, 13]       1,179,648
      BatchNorm2d-22          [-1, 512, 13, 13]           1,024
        LeakyReLU-23          [-1, 512, 13, 13]               0
    ConstantPad2d-24          [-1, 512, 14, 14]               0
        MaxPool2d-25          [-1, 512, 13, 13]               0
           Conv2d-26         [-1, 1024, 13, 13]       4,718,592
      BatchNorm2d-27         [-1, 1024, 13, 13]           2,048
        LeakyReLU-28         [-1, 1024, 13, 13]               0
           Conv2d-29          [-1, 256, 13, 13]         262,144
      BatchNorm2d-30          [-1, 256, 13, 13]             512
        LeakyReLU-31          [-1, 256, 13, 13]               0
           Conv2d-32          [-1, 512, 13, 13]       1,179,648
      BatchNorm2d-33          [-1, 512, 13, 13]           1,024
        LeakyReLU-34          [-1, 512, 13, 13]               0
           Conv2d-35           [-1, 42, 13, 13]          21,546
        YoloLayer-36        [-1, 3, 13, 13, 14]               0
           Conv2d-37          [-1, 128, 13, 13]          32,768
      BatchNorm2d-38          [-1, 128, 13, 13]             256
        LeakyReLU-39          [-1, 128, 13, 13]               0
         Upsample-40          [-1, 128, 26, 26]               0
           Conv2d-41          [-1, 256, 26, 26]         884,736
      BatchNorm2d-42          [-1, 256, 26, 26]             512
        LeakyReLU-43          [-1, 256, 26, 26]               0
           Conv2d-44           [-1, 42, 26, 26]          10,794
        YoloLayer-45        [-1, 3, 26, 26, 14]               0
        DarkNet53-46  [[-1, 3, 13, 13, 14], [-1, 3, 26, 26, 14]]               0
================================================================
Total params: 8,688,356
Trainable params: 8,688,356
Non-trainable params: 0
----------------------------------------------------------------
Input size (MB): 1.98
Forward/backward pass size (MB): 1388.51
Params size (MB): 33.14
Estimated Total Size (MB): 1423.63
----------------------------------------------------------------
